2021-05-21T16:38:50+00:00 CRITICAL Uncaught Error: Maximum function nesting level of '256' reached, aborting! in C:\Users\Usuario\Local Sites\dinamiktravel\app\public\wp-includes\pomo\entry.php:83
Stack trace:
#0 C:\Users\Usuario\Local Sites\dinamiktravel\app\public\wp-includes\pomo\translations.php(90): Translation_Entry->key()
#1 C:\Users\Usuario\Local Sites\dinamiktravel\app\public\wp-includes\pomo\translations.php(106): Translations->translate_entry(Object(Translation_Entry))
#2 C:\Users\Usuario\Local Sites\dinamiktravel\app\public\wp-includes\l10n.php(178): Translations->translate('All Icons')
#3 C:\Users\Usuario\Local Sites\dinamiktravel\app\public\wp-includes\l10n.php(289): translate('All Icons', 'elementor')
#4 C:\Users\Usuario\Local Sites\dinamiktravel\app\public\wp-content\plugins\elementor\includes\managers\icons.php(177): __('All Icons', 'elementor')
#5 C:\Users\Usuario\Local Sites\dinamiktravel\app\public\wp-content\plugins\elementor\includes\managers\icons.php(42): Elementor\Icons_Manager::get_icon_manager_tabs_config()
#6 C:\Use en C:\Users\Usuario\Local Sites\dinamiktravel\app\public\wp-includes\pomo\entry.php en la línea 83

2021-05-21T18:07:22+00:00 CRITICAL Uncaught ArgumentCountError: Too few arguments to function wp_register_script(), 1 passed in C:\Users\Usuario\Local Sites\dinamiktravel\app\public\wp-content\plugins\eb-calendar-form\public\class-eb-calendar-form-public.php on line 128 and at least 2 expected in C:\Users\Usuario\Local Sites\dinamiktravel\app\public\wp-includes\functions.wp-scripts.php:173
Stack trace:
#0 C:\Users\Usuario\Local Sites\dinamiktravel\app\public\wp-content\plugins\eb-calendar-form\public\class-eb-calendar-form-public.php(128): wp_register_script('custom_js2')
#1 C:\Users\Usuario\Local Sites\dinamiktravel\app\public\wp-includes\class-wp-hook.php(292): Eb_Calendar_Form_Public->enqueue_scripts('')
#2 C:\Users\Usuario\Local Sites\dinamiktravel\app\public\wp-includes\class-wp-hook.php(316): WP_Hook->apply_filters(NULL, Array)
#3 C:\Users\Usuario\Local Sites\dinamiktravel\app\public\wp-includes\plugin.php(484): WP_Hook->do_action(Array)
#4 C:\Users\Usuario\Local Sites\dinamiktravel\app\public\wp-includes\script-loader.php(2027): do_acti en C:\Users\Usuario\Local Sites\dinamiktravel\app\public\wp-includes\functions.wp-scripts.php en la línea 173

2021-05-21T18:07:58+00:00 CRITICAL Uncaught ArgumentCountError: Too few arguments to function wp_register_script(), 1 passed in C:\Users\Usuario\Local Sites\dinamiktravel\app\public\wp-content\plugins\eb-calendar-form\public\class-eb-calendar-form-public.php on line 129 and at least 2 expected in C:\Users\Usuario\Local Sites\dinamiktravel\app\public\wp-includes\functions.wp-scripts.php:173
Stack trace:
#0 C:\Users\Usuario\Local Sites\dinamiktravel\app\public\wp-content\plugins\eb-calendar-form\public\class-eb-calendar-form-public.php(129): wp_register_script('custom_js2')
#1 C:\Users\Usuario\Local Sites\dinamiktravel\app\public\wp-includes\class-wp-hook.php(292): Eb_Calendar_Form_Public->enqueue_scripts('')
#2 C:\Users\Usuario\Local Sites\dinamiktravel\app\public\wp-includes\class-wp-hook.php(316): WP_Hook->apply_filters(NULL, Array)
#3 C:\Users\Usuario\Local Sites\dinamiktravel\app\public\wp-includes\plugin.php(484): WP_Hook->do_action(Array)
#4 C:\Users\Usuario\Local Sites\dinamiktravel\app\public\wp-includes\script-loader.php(2027): do_acti en C:\Users\Usuario\Local Sites\dinamiktravel\app\public\wp-includes\functions.wp-scripts.php en la línea 173

2021-05-21T20:50:35+00:00 CRITICAL syntax error, unexpected '<' en C:\Users\Usuario\Local Sites\dinamiktravel\app\public\wp-content\plugins\eb-calendar-form\public\partials\eb-calendar-form-public-display.php en la línea 16

2021-05-21T20:50:41+00:00 CRITICAL syntax error, unexpected '<' en C:\Users\Usuario\Local Sites\dinamiktravel\app\public\wp-content\plugins\eb-calendar-form\public\partials\eb-calendar-form-public-display.php en la línea 16

2021-05-21T20:50:43+00:00 CRITICAL syntax error, unexpected '<' en C:\Users\Usuario\Local Sites\dinamiktravel\app\public\wp-content\plugins\eb-calendar-form\public\partials\eb-calendar-form-public-display.php en la línea 16

2021-05-21T20:52:35+00:00 CRITICAL syntax error, unexpected '<' en C:\Users\Usuario\Local Sites\dinamiktravel\app\public\wp-content\plugins\eb-calendar-form\public\partials\eb-calendar-form-public-display.php en la línea 16

2021-05-21T20:54:35+00:00 CRITICAL syntax error, unexpected '<' en C:\Users\Usuario\Local Sites\dinamiktravel\app\public\wp-content\plugins\eb-calendar-form\public\partials\eb-calendar-form-public-display.php en la línea 16

2021-05-21T20:56:37+00:00 CRITICAL syntax error, unexpected '<' en C:\Users\Usuario\Local Sites\dinamiktravel\app\public\wp-content\plugins\eb-calendar-form\public\partials\eb-calendar-form-public-display.php en la línea 16

2021-05-21T21:11:57+00:00 CRITICAL syntax error, unexpected 'return' (T_RETURN) en C:\Users\Usuario\Local Sites\dinamiktravel\app\public\wp-content\plugins\eb-calendar-form\public\partials\eb-calendar-form-public-display.php en la línea 18

2021-05-21T21:11:59+00:00 CRITICAL syntax error, unexpected 'return' (T_RETURN) en C:\Users\Usuario\Local Sites\dinamiktravel\app\public\wp-content\plugins\eb-calendar-form\public\partials\eb-calendar-form-public-display.php en la línea 18

2021-05-21T21:49:46+00:00 CRITICAL syntax error, unexpected '<', expecting end of file en C:\Users\Usuario\Local Sites\dinamiktravel\app\public\wp-content\plugins\eb-calendar-form\public\partials\eb-vista-shortcode.php en la línea 3

2021-05-21T21:51:04+00:00 CRITICAL Uncaught ArgumentCountError: Too few arguments to function get_template_part(), 0 passed in C:\Users\Usuario\Local Sites\dinamiktravel\app\public\wp-content\plugins\eb-calendar-form\public\partials\eb-calendar-form-public-display.php on line 19 and at least 1 expected in C:\Users\Usuario\Local Sites\dinamiktravel\app\public\wp-includes\general-template.php:167
Stack trace:
#0 C:\Users\Usuario\Local Sites\dinamiktravel\app\public\wp-content\plugins\eb-calendar-form\public\partials\eb-calendar-form-public-display.php(19): get_template_part()
#1 C:\Users\Usuario\Local Sites\dinamiktravel\app\public\wp-includes\shortcodes.php(343): dcms_mensaje('', '', 'MENSAJE')
#2 [internal function]: do_shortcode_tag(Array)
#3 C:\Users\Usuario\Local Sites\dinamiktravel\app\public\wp-includes\shortcodes.php(218): preg_replace_callback('/\\[(\\[?)(MENSAJ...', 'do_shortcode_ta...', '\n<p>Welcome to ...')
#4 C:\Users\Usuario\Local Sites\dinamiktravel\app\public\wp-includes\class-wp-hook.php(292): do_shortcode('\n<p>Welcome to ...' en C:\Users\Usuario\Local Sites\dinamiktravel\app\public\wp-includes\general-template.php en la línea 167

2021-05-21T22:00:03+00:00 CRITICAL syntax error, unexpected '<', expecting end of file en C:\Users\Usuario\Local Sites\dinamiktravel\app\public\wp-content\plugins\eb-calendar-form\public\partials\eb-vista-shortcode.php en la línea 3

2021-05-21T22:00:25+00:00 CRITICAL syntax error, unexpected '<', expecting end of file en C:\Users\Usuario\Local Sites\dinamiktravel\app\public\wp-content\plugins\eb-calendar-form\public\partials\eb-vista-shortcode.php en la línea 3

2021-05-21T22:01:56+00:00 CRITICAL syntax error, unexpected ';', expecting ')' en C:\Users\Usuario\Local Sites\dinamiktravel\app\public\wp-content\plugins\eb-calendar-form\public\partials\eb-calendar-form-public-display.php en la línea 18

2021-05-21T22:01:58+00:00 CRITICAL syntax error, unexpected ';', expecting ')' en C:\Users\Usuario\Local Sites\dinamiktravel\app\public\wp-content\plugins\eb-calendar-form\public\partials\eb-calendar-form-public-display.php en la línea 18

