2021-07-15T17:21:06+00:00 CRITICAL syntax error, unexpected end of file en C:\Users\Usuario\Local Sites\dinamiktravel\app\public\wp-content\plugins\eb-calendar-form\public\partials\eb-lista-pedidos-woo.php en la línea 85

2021-07-15T17:23:06+00:00 CRITICAL syntax error, unexpected 'table' (T_STRING), expecting ',' or ';' en C:\Users\Usuario\Local Sites\dinamiktravel\app\public\wp-content\plugins\eb-calendar-form\public\partials\eb-lista-pedidos-woo.php en la línea 61

2021-07-15T21:02:42+00:00 CRITICAL Uncaught ArgumentCountError: Too few arguments to function wc_get_orders(), 0 passed in C:\Users\Usuario\Local Sites\dinamiktravel\app\public\wp-content\plugins\eb-calendar-form\public\partials\eb-lista-pedidos-woo.php on line 36 and exactly 1 expected in C:\Users\Usuario\Local Sites\dinamiktravel\app\public\wp-content\plugins\woocommerce\includes\wc-order-functions.php:26
Stack trace:
#0 C:\Users\Usuario\Local Sites\dinamiktravel\app\public\wp-content\plugins\eb-calendar-form\public\partials\eb-lista-pedidos-woo.php(36): wc_get_orders()
#1 C:\Users\Usuario\Local Sites\dinamiktravel\app\public\wp-includes\shortcodes.php(343): dcms_lista_ped_woo('', '', 'LISTAWOOPED')
#2 [internal function]: do_shortcode_tag(Array)
#3 C:\Users\Usuario\Local Sites\dinamiktravel\app\public\wp-includes\shortcodes.php(218): preg_replace_callback('/\\[(\\[?)(LISTAW...', 'do_shortcode_ta...', '[LISTAWOOPED]\n')
#4 C:\Users\Usuario\Local Sites\dinamiktravel\app\public\wp-includes\class-wp-hook.php(292): do_shortcode('[LISTAWOOPED]\n' en C:\Users\Usuario\Local Sites\dinamiktravel\app\public\wp-content\plugins\woocommerce\includes\wc-order-functions.php en la línea 26

2021-07-15T21:08:54+00:00 CRITICAL Uncaught ArgumentCountError: Too few arguments to function wc_get_orders(), 0 passed in C:\Users\Usuario\Local Sites\dinamiktravel\app\public\wp-content\plugins\eb-calendar-form\public\partials\eb-lista-pedidos-woo.php on line 36 and exactly 1 expected in C:\Users\Usuario\Local Sites\dinamiktravel\app\public\wp-content\plugins\woocommerce\includes\wc-order-functions.php:26
Stack trace:
#0 C:\Users\Usuario\Local Sites\dinamiktravel\app\public\wp-content\plugins\eb-calendar-form\public\partials\eb-lista-pedidos-woo.php(36): wc_get_orders()
#1 C:\Users\Usuario\Local Sites\dinamiktravel\app\public\wp-includes\shortcodes.php(343): dcms_lista_ped_woo('', '', 'LISTAWOOPED')
#2 [internal function]: do_shortcode_tag(Array)
#3 C:\Users\Usuario\Local Sites\dinamiktravel\app\public\wp-includes\shortcodes.php(218): preg_replace_callback('/\\[(\\[?)(LISTAW...', 'do_shortcode_ta...', '[LISTAWOOPED]\n')
#4 C:\Users\Usuario\Local Sites\dinamiktravel\app\public\wp-includes\class-wp-hook.php(292): do_shortcode('[LISTAWOOPED]\n' en C:\Users\Usuario\Local Sites\dinamiktravel\app\public\wp-content\plugins\woocommerce\includes\wc-order-functions.php en la línea 26

2021-07-15T21:45:28+00:00 CRITICAL Uncaught Error: Call to a member function get_items() on array in C:\Users\Usuario\Local Sites\dinamiktravel\app\public\wp-content\plugins\eb-calendar-form\public\partials\eb-lista-pedidos-woo.php:55
Stack trace:
#0 C:\Users\Usuario\Local Sites\dinamiktravel\app\public\wp-includes\shortcodes.php(343): dcms_lista_ped_woo('', '', 'LISTAWOOPED')
#1 [internal function]: do_shortcode_tag(Array)
#2 C:\Users\Usuario\Local Sites\dinamiktravel\app\public\wp-includes\shortcodes.php(218): preg_replace_callback('/\\[(\\[?)(LISTAW...', 'do_shortcode_ta...', '[LISTAWOOPED]\n')
#3 C:\Users\Usuario\Local Sites\dinamiktravel\app\public\wp-includes\class-wp-hook.php(292): do_shortcode('[LISTAWOOPED]\n')
#4 C:\Users\Usuario\Local Sites\dinamiktravel\app\public\wp-includes\plugin.php(212): WP_Hook->apply_filters('[LISTAWOOPED]\n', Array)
#5 C:\Users\Usuario\Local Sites\dinamiktravel\app\public\wp-includes\post-template.php(253): apply_filters('the_content', '<!-- wp:shortco...')
#6 C:\Users\Usuario\Local Sites\dinamiktravel\app\ en C:\Users\Usuario\Local Sites\dinamiktravel\app\public\wp-content\plugins\eb-calendar-form\public\partials\eb-lista-pedidos-woo.php en la línea 55

2021-07-15T22:37:51+00:00 CRITICAL syntax error, unexpected 'ob_start' (T_STRING) en C:\Users\Usuario\Local Sites\dinamiktravel\app\public\wp-content\plugins\eb-calendar-form\public\partials\eb-lista-pedidos-woo.php en la línea 46

2021-07-15T22:45:41+00:00 CRITICAL Uncaught Error: Call to a member function get_items() on array in C:\Users\Usuario\Local Sites\dinamiktravel\app\public\wp-content\plugins\eb-calendar-form\public\partials\eb-lista-pedidos-woo.php:50
Stack trace:
#0 C:\Users\Usuario\Local Sites\dinamiktravel\app\public\wp-includes\shortcodes.php(343): dcms_lista_ped_woo('', '', 'LISTAWOOPED')
#1 [internal function]: do_shortcode_tag(Array)
#2 C:\Users\Usuario\Local Sites\dinamiktravel\app\public\wp-includes\shortcodes.php(218): preg_replace_callback('/\\[(\\[?)(LISTAW...', 'do_shortcode_ta...', '[LISTAWOOPED]\n')
#3 C:\Users\Usuario\Local Sites\dinamiktravel\app\public\wp-includes\class-wp-hook.php(292): do_shortcode('[LISTAWOOPED]\n')
#4 C:\Users\Usuario\Local Sites\dinamiktravel\app\public\wp-includes\plugin.php(212): WP_Hook->apply_filters('[LISTAWOOPED]\n', Array)
#5 C:\Users\Usuario\Local Sites\dinamiktravel\app\public\wp-includes\post-template.php(253): apply_filters('the_content', '<!-- wp:shortco...')
#6 C:\Users\Usuario\Local Sites\dinamiktravel\app\ en C:\Users\Usuario\Local Sites\dinamiktravel\app\public\wp-content\plugins\eb-calendar-form\public\partials\eb-lista-pedidos-woo.php en la línea 50

2021-07-15T22:45:49+00:00 CRITICAL Uncaught Error: Call to a member function get_items() on array in C:\Users\Usuario\Local Sites\dinamiktravel\app\public\wp-content\plugins\eb-calendar-form\public\partials\eb-lista-pedidos-woo.php:50
Stack trace:
#0 C:\Users\Usuario\Local Sites\dinamiktravel\app\public\wp-includes\shortcodes.php(343): dcms_lista_ped_woo('', '', 'LISTAWOOPED')
#1 [internal function]: do_shortcode_tag(Array)
#2 C:\Users\Usuario\Local Sites\dinamiktravel\app\public\wp-includes\shortcodes.php(218): preg_replace_callback('/\\[(\\[?)(LISTAW...', 'do_shortcode_ta...', '[LISTAWOOPED]\n')
#3 C:\Users\Usuario\Local Sites\dinamiktravel\app\public\wp-includes\class-wp-hook.php(292): do_shortcode('[LISTAWOOPED]\n')
#4 C:\Users\Usuario\Local Sites\dinamiktravel\app\public\wp-includes\plugin.php(212): WP_Hook->apply_filters('[LISTAWOOPED]\n', Array)
#5 C:\Users\Usuario\Local Sites\dinamiktravel\app\public\wp-includes\post-template.php(253): apply_filters('the_content', '<!-- wp:shortco...')
#6 C:\Users\Usuario\Local Sites\dinamiktravel\app\ en C:\Users\Usuario\Local Sites\dinamiktravel\app\public\wp-content\plugins\eb-calendar-form\public\partials\eb-lista-pedidos-woo.php en la línea 50

